[debug] [2020-12-20T06:24:53.050Z] ----------------------------------------------------------------------
[debug] [2020-12-20T06:24:53.052Z] Command:       C:\Program Files\nodejs\node.exe C:\Users\techn\AppData\Roaming\npm\node_modules\firebase-tools\lib\bin\firebase.js init
[debug] [2020-12-20T06:24:53.052Z] CLI Version:   9.0.0
[debug] [2020-12-20T06:24:53.052Z] Platform:      win32
[debug] [2020-12-20T06:24:53.053Z] Node Version:  v15.4.0
[debug] [2020-12-20T06:24:53.054Z] Time:          Sun Dec 20 2020 12:09:53 GMT+0545 (Nepal Time)
[debug] [2020-12-20T06:24:53.054Z] ----------------------------------------------------------------------
[debug] [2020-12-20T06:24:53.054Z] 
[debug] [2020-12-20T06:24:53.086Z] >>> [apiv2][query] GET https://firebase-public.firebaseio.com/cli.json [none]
[debug] [2020-12-20T06:24:53.132Z] > command requires scopes: ["email","openid","https://www.googleapis.com/auth/cloudplatformprojects.readonly","https://www.googleapis.com/auth/firebase","https://www.googleapis.com/auth/cloud-platform"]
[debug] [2020-12-20T06:24:53.132Z] > authorizing via signed-in user
[info] 
     ######## #### ########  ######## ########     ###     ######  ########
     ##        ##  ##     ## ##       ##     ##  ##   ##  ##       ##
     ######    ##  ########  ######   ########  #########  ######  ######
     ##        ##  ##    ##  ##       ##     ## ##     ##       ## ##
     ##       #### ##     ## ######## ########  ##     ##  ######  ########

You're about to initialize a Firebase project in this directory:

  E:\PROGRAMMING FILES\REACT\RealTimeObjectDetectionTFJSReact-main

Before we get started, keep in mind:

  * You are initializing in an existing Firebase project directory

[debug] [2020-12-20T06:24:54.199Z] <<< [apiv2][status] GET https://firebase-public.firebaseio.com/cli.json 200
[debug] [2020-12-20T06:24:54.200Z] <<< [apiv2][body] GET https://firebase-public.firebaseio.com/cli.json {"cloudBuildErrorAfter":1594252800000,"cloudBuildWarnAfter":1590019200000,"defaultNode10After":1594252800000,"minVersion":"3.0.5","node8DeploysDisabledAfter":1613390400000,"node8RuntimeDisabledAfter":1615809600000,"node8WarnAfter":1600128000000}
